[17:14:37] [main/INFO] (FabricLoader) Loading for game Minecraft 1.16.4
[17:14:38] [main/INFO] (Fabric|Loader) [FabricLoader] Loading 42 mods: minecraft@1.16.4, fabric-networking-blockentity-v0@0.2.5+b50ffc7b3a, fabric-renderer-api-v1@0.3.3+a4467d2a3a, fabric-screen-handler-api-v1@1.1.0+872498413a, fabric-keybindings-v0@0.2.0+3fa9f7c53a, fabric-command-api-v1@1.0.9+a4467d2a3a, fabricloader@0.10.8, fabric-tool-attribute-api-v1@1.2.4+2b4623793a, fabric-renderer-indigo@0.4.3+a4467d2a3a, fabric-structure-api-v1@1.1.0+f8ac1db23a, fabric-containers-v0@0.1.8+045df74f3a, fabric-object-builder-api-v1@1.9.2+a89534ab3a, fabric-crash-report-info-v1@0.1.2+b7f9825d3a, fabric-events-interaction-v0@0.4.1+f8ac1db23a, fabric-item-api-v1@1.2.0+f8ac1db23a, fabric-game-rule-api-v1@1.0.3+a4467d2a3a, fabric-api-base@0.2.0+9f0fb4b83a, fabric-rendering-v0@1.1.1+f8ac1db23a, fabric-rendering-v1@1.3.1+f8ac1db23a, fabric-key-binding-api-v1@1.0.1+730711c63a, fabric-rendering-data-attachment-v1@0.1.4+f8ac1db23a, fabric-resource-loader-v0@0.3.1+facf3bbf3a, fabric-textures-v0@1.0.5+a4467d2a3a, herobrinia@3.9.3, fabric-content-registries-v0@0.1.9+059ea8663a, fabric-tag-extensions-v0@1.0.3+ac8e8c593a, fabric-biome-api-v1@3.0.0+8367596d3a, fabric-rendering-fluids-v1@0.1.12+f8ac1db23a, fabric-commands-v0@0.2.0+52d308363a, fabric-registry-sync-v0@0.6.1+a4467d2a3a, fabric-blockrenderlayer-v1@1.1.4+c6a8ea893a, fabric-lifecycle-events-v1@1.2.0+74cc3b203a, fabric-mining-levels-v0@0.1.2+b764ce993a, fabric-renderer-registries-v1@2.2.0+f8ac1db23a, fabric-loot-tables-v1@1.0.1+432ea1883a, fabric-events-lifecycle-v0@0.2.0+16acbe5b3a, fabric@0.25.1+build.416-1.16, fabric-models-v0@0.1.1+f8ac1db23a, fabric-particles-v1@0.2.2+fb0d9b0e3a, fabric-item-groups-v0@0.2.1+a4467d2a3a, fabric-object-builders-v0@0.7.1+a4467d2a3a, fabric-networking-v0@0.1.10+e00ecb5f3a
[17:14:39] [main/INFO] (mixin) SpongePowered MIXIN Subsystem Version=0.8.2 Source=file:/C:/Users/SirLennox/.gradle/caches/modules-2/files-2.1/net.fabricmc/sponge-mixin/0.8.2+build.24/e5a741445d0f425bf3cce946c6cf8c7fb8376b2/sponge-mixin-0.8.2+build.24.jar Service=Knot/Fabric Env=CLIENT
[17:14:39] [main/INFO] (Fabric|MixinBootstrap) Loaded Fabric development mappings for mixin remapper!
[17:14:40] [main/INFO] (mixin) Remapping refMap fabric-networking-v0-refmap.json using remapper chain
[17:14:40] [main/INFO] (mixin) Remapping refMap fabric-networking-blockentity-v0-refmap.json using remapper chain
[17:14:40] [main/INFO] (mixin) Remapping refMap fabric-screen-handler-api-v1-refmap.json using remapper chain
[17:14:40] [main/INFO] (mixin) Remapping refMap fabric-lifecycle-events-v1-refmap.json using remapper chain
[17:14:40] [main/INFO] (mixin) Remapping refMap fabric-containers-v0-refmap.json using remapper chain
[17:14:40] [main/INFO] (mixin) Remapping refMap fabric-renderer-indigo-refmap.json using remapper chain
[17:14:40] [main/INFO] (mixin) Remapping refMap fabric-rendering-data-attachment-v1-refmap.json using remapper chain
[17:14:40] [main/INFO] (mixin) Remapping refMap fabric-structure-api-v1-refmap.json using remapper chain
[17:14:40] [main/INFO] (mixin) Remapping refMap fabric-events-interaction-v0-refmap.json using remapper chain
[17:14:40] [main/INFO] (mixin) Remapping refMap fabric-item-api-v1-refmap.json using remapper chain
[17:14:40] [main/INFO] (mixin) Remapping refMap fabric-loot-tables-v1-refmap.json using remapper chain
[17:14:40] [main/INFO] (mixin) Remapping refMap fabric-object-builder-api-v1-refmap.json using remapper chain
[17:14:40] [main/INFO] (mixin) Remapping refMap fabric-renderer-registries-v1-refmap.json using remapper chain
[17:14:40] [main/INFO] (mixin) Remapping refMap fabric-textures-v0-refmap.json using remapper chain
[17:14:40] [main/INFO] (mixin) Remapping refMap fabric-registry-sync-v0-refmap.json using remapper chain
[17:14:40] [main/INFO] (mixin) Remapping refMap fabric-models-v0-refmap.json using remapper chain
[17:14:40] [main/INFO] (mixin) Remapping refMap fabric-blockrenderlayer-v1-refmap.json using remapper chain
[17:14:40] [main/INFO] (mixin) Remapping refMap fabric-renderer-api-v1-refmap.json using remapper chain
[17:14:40] [main/INFO] (mixin) Remapping refMap fabric-containers-v0-refmap.json using remapper chain
[17:14:40] [main/INFO] (mixin) Remapping refMap fabric-rendering-fluids-v1-refmap.json using remapper chain
[17:14:40] [main/INFO] (mixin) Remapping refMap fabric-biome-api-v1-refmap.json using remapper chain
[17:14:40] [main/INFO] (mixin) Remapping refMap fabric-resource-loader-v0-refmap.json using remapper chain
[17:14:40] [main/INFO] (mixin) Remapping refMap fabric-game-rule-api-v1-refmap.json using remapper chain
[17:14:40] [main/INFO] (mixin) Remapping refMap fabric-particles-v1-refmap.json using remapper chain
[17:14:40] [main/INFO] (mixin) Remapping refMap fabric-object-builders-refmap.json using remapper chain
[17:14:40] [main/INFO] (mixin) Remapping refMap fabric-tag-extensions-v0-refmap.json using remapper chain
[17:14:40] [main/INFO] (mixin) Remapping refMap fabric-tool-attribute-api-v1-refmap.json using remapper chain
[17:14:40] [main/INFO] (mixin) Remapping refMap fabric-rendering-v1-refmap.json using remapper chain
[17:14:40] [main/INFO] (mixin) Remapping refMap fabric-item-groups-v0-refmap.json using remapper chain
[17:14:40] [main/INFO] (mixin) Remapping refMap fabric-content-registries-v0-refmap.json using remapper chain
[17:14:40] [main/INFO] (mixin) Remapping refMap fabric-command-api-v1-refmap.json using remapper chain
[17:14:40] [main/INFO] (mixin) Remapping refMap fabric-crash-report-info-v1-refmap.json using remapper chain
[17:14:40] [main/INFO] (mixin) Remapping refMap fabric-key-binding-api-v1-refmap.json using remapper chain
[17:14:40] [main/INFO] (mixin) Remapping refMap fabric-renderer-api-v1-refmap.json using remapper chain
[17:14:40] [main/WARN] (mixin) @Mixin target net/minecraft/server/world/ThreadedAnvilChunkStorage$EntityTracker is public in fabric-networking-v0.mixins.json:MixinEntityTracker and should be specified in value
[17:14:40] [main/WARN] (mixin) @Mixin target net/minecraft/client/render/block/BlockModelRenderer$AmbientOcclusionCalculator is public in fabric-renderer-indigo.mixins.json:MixinAmbientOcclusionCalculator and should be specified in value
[17:14:40] [main/WARN] (mixin) @Mixin target net/minecraft/client/render/chunk/ChunkBuilder$BuiltChunk$RebuildTask is public in fabric-renderer-indigo.mixins.json:MixinChunkRebuildTask and should be specified in value
[17:14:41] [main/WARN] (mixin) @Mixin target net/minecraft/village/TradeOffers$TypeAwareBuyForOneEmeraldFactory is public in fabric-object-builder-v1.mixins.json:TypeAwareTradeMixin and should be specified in value
[17:14:41] [main/WARN] (mixin) @Mixin target net/minecraft/server/command/GameRuleCommand$1 is public in fabric-game-rule-api-v1.mixins.json:GameRuleCommandVisitorMixin and should be specified in value
[17:14:41] [main/WARN] (mixin) @Mixin target net/minecraft/client/gui/screen/world/EditGameRulesScreen$RuleListWidget$1 is public in fabric-game-rule-api-v1.mixins.json:client.RuleListWidgetVisitorMixin and should be specified in value
[17:14:41] [main/WARN] (mixin) @Mixin target net/minecraft/client/particle/ParticleManager$SimpleSpriteProvider is public in fabric-particles-v1.mixins.json:ParticleManagerAccessor$SimpleSpriteProviderAccessor and should be specified in value
[17:14:41] [main/WARN] (mixin) @Mixin target net/minecraft/tag/Tag$1 is public in fabric-tag-extensions-v0.mixins.json:MixinTagImpl and should be specified in value
[17:14:41] [main/WARN] (mixin) @Mixin target net/minecraft/tag/RequiredTagList$TagWrapper is public in fabric-tag-extensions-v0.mixins.json:MixinTagImpl and should be specified in value
[17:14:56] [main/INFO] (Minecraft) Environment: authHost='https://authserver.mojang.com', accountsHost='https://api.mojang.com', sessionHost='https://sessionserver.mojang.com', servicesHost='https://api.minecraftservices.com', name='PROD'
[17:14:57] [main/ERROR] (Minecraft) Failed to verify authentication
com.mojang.authlib.exceptions.AuthenticationUnavailableException: null
	at com.mojang.authlib.yggdrasil.YggdrasilSocialInteractionsService.checkPrivileges(YggdrasilSocialInteractionsService.java:97) ~[authlib-2.1.28.jar:?]
	at com.mojang.authlib.yggdrasil.YggdrasilSocialInteractionsService.<init>(YggdrasilSocialInteractionsService.java:40) ~[authlib-2.1.28.jar:?]
	at com.mojang.authlib.yggdrasil.YggdrasilAuthenticationService.createSocialInteractionsService(YggdrasilAuthenticationService.java:152) ~[authlib-2.1.28.jar:?]
	at net.minecraft.client.MinecraftClient.method_31382(MinecraftClient.java:625) [minecraft-1.16.4-mapped-net.fabricmc.yarn-1.16.4+build.7-v2.jar:?]
	at net.minecraft.client.MinecraftClient.<init>(MinecraftClient.java:409) [minecraft-1.16.4-mapped-net.fabricmc.yarn-1.16.4+build.7-v2.jar:?]
	at net.minecraft.client.main.Main.main(Main.java:177) [minecraft-1.16.4-mapped-net.fabricmc.yarn-1.16.4+build.7-v2.jar:?]
	at sun.reflect.NativeMethodAccessorImpl.invoke0(Native Method) ~[?:1.8.0_282]
	at sun.reflect.NativeMethodAccessorImpl.invoke(NativeMethodAccessorImpl.java:62) ~[?:1.8.0_282]
	at sun.reflect.DelegatingMethodAccessorImpl.invoke(DelegatingMethodAccessorImpl.java:43) ~[?:1.8.0_282]
	at java.lang.reflect.Method.invoke(Method.java:498) ~[?:1.8.0_282]
	at net.fabricmc.loader.game.MinecraftGameProvider.launch(MinecraftGameProvider.java:224) [fabric-loader-0.10.8@net.fabricmc.yarn.1_16_4.1.16.4+build.7-v2.jar:?]
	at net.fabricmc.loader.launch.knot.Knot.init(Knot.java:141) [fabric-loader-0.10.8@net.fabricmc.yarn.1_16_4.1.16.4+build.7-v2.jar:?]
	at net.fabricmc.loader.launch.knot.KnotClient.main(KnotClient.java:27) [fabric-loader-0.10.8@net.fabricmc.yarn.1_16_4.1.16.4+build.7-v2.jar:?]
	at net.fabricmc.devlaunchinjector.Main.main(Main.java:86) [dev-launch-injector-0.2.1+build.8.jar:?]
[17:14:57] [main/INFO] (Minecraft) Setting user: Player345
[17:14:57] [main/INFO] (Main) [Herobrinia] Initializing
[17:14:57] [main/INFO] (Minecraft) [STDOUT]: Loading attacks...
[17:14:57] [main/INFO] (Minecraft) [STDOUT]: Attacks found: 
[17:14:57] [main/INFO] (Minecraft) [STDOUT]: - Hit
[17:14:57] [main/INFO] (Minecraft) [STDOUT]: - SpamHit
[17:14:57] [main/INFO] (Minecraft) [STDOUT]: - Boost
[17:14:57] [main/INFO] (Minecraft) [STDOUT]: - Lava
[17:14:57] [main/INFO] (Minecraft) [STDOUT]: - SpamHit
[17:14:57] [main/INFO] (Minecraft) [STDOUT]: - Teleport
[17:14:57] [main/INFO] (Minecraft) [STDOUT]: - Web
[17:14:57] [main/INFO] (Minecraft) [STDOUT]: - Cut
[17:14:57] [main/INFO] (Minecraft) [STDOUT]: - Anvils
[17:14:57] [main/INFO] (Minecraft) [STDOUT]: - Fall
[17:14:57] [main/INFO] (Minecraft) [STDOUT]: - TNT
[17:14:57] [main/INFO] (Minecraft) [STDOUT]: - Lightning
[17:14:57] [main/INFO] (Minecraft) [STDOUT]: - EveryEffect
[17:14:57] [main/INFO] (Minecraft) [STDOUT]: - ObsidianTrap
[17:14:57] [main/INFO] (Minecraft) [STDOUT]: - MLG
[17:14:57] [main/INFO] (Minecraft) [STDOUT]: - FallDamage
[17:14:57] [main/INFO] (Minecraft) [STDOUT]: - TeleportIntoMe
[17:14:57] [main/INFO] (Minecraft) [STDOUT]: - SpawnMonsters
[17:14:57] [main/INFO] (Minecraft) [STDOUT]: - Stun
[17:14:57] [main/INFO] (Minecraft) [STDOUT]: - Scare
[17:14:57] [main/INFO] (Minecraft) [STDOUT]: - Fireball
[17:14:57] [main/INFO] (Minecraft) [STDOUT]: - Freeze
[17:14:57] [main/INFO] (Minecraft) [STDOUT]: - Burn
[17:14:57] [main/INFO] (Minecraft) [STDOUT]: - DragonFireball
[17:14:57] [main/INFO] (Minecraft) [STDOUT]: - Witherskull
[17:14:57] [main/INFO] (Minecraft) [STDOUT]: - SpawnNetherMonsters
[17:14:58] [main/INFO] (Minecraft) [STDOUT]: Disabled attack 'EveryEffect'
[17:14:59] [main/INFO] (Indigo) [Indigo] Registering Indigo renderer!
[17:15:00] [main/INFO] (Minecraft) Backend library: LWJGL version 3.2.2 build 10
[17:15:08] [main/INFO] (Minecraft) Narrator library for x64 successfully loaded
[17:15:08] [main/INFO] (Minecraft) Reloading ResourceManager: Default, Fabric Networking Block Entity (v0), Fabric Renderer API (v1), Fabric Screen Handler API (v1), Fabric Key Bindings (v0), Fabric Command API (v1), Fabric Loader, Fabric Tool Attribute API (v1), Fabric Renderer - Indigo, Fabric Containers (v0), Fabric Object Builder API (v1), Fabric Crash Report Info (v1), Fabric Events Interaction (v0), Fabric Item API (v1), Fabric Game Rule API (v1), Fabric API Base, Fabric Rendering (v0), Fabric Rendering (v1), Fabric Key Binding API (v1), Fabric Rendering Data Attachment (v1), Fabric Resource Loader (v0), Fabric Textures (v0), Herobrinia, Fabric Content Registries (v0), Fabric Tag Extensions (v0), Fabric Biome API (v1), Fabric Rendering Fluids (v1), Fabric Registry Sync (v0), Fabric BlockRenderLayer Registration (v1), Fabric Lifecycle Events (v1), Fabric Mining Levels (v0), Fabric Renderer Registries (v1), Fabric Loot Tables (v1), Fabric Events Lifecycle (v0), Fabric API, Fabric Models (v0), Fabric Item Groups (v0), Fabric Object Builders (v0), Fabric Networking (v0)
[17:15:09] [Realms Notification Availability checker #1/INFO] (Minecraft) Could not authorize you against Realms server: Invalid session id
[17:15:32] [main/INFO] (Minecraft) OpenAL initialized.
[17:15:32] [main/INFO] (Minecraft) Sound engine started
[17:15:33] [main/INFO] (Minecraft) Created: 1024x1024x0 minecraft:textures/atlas/blocks.png-atlas
[17:15:33] [main/INFO] (Minecraft) Created: 256x128x0 minecraft:textures/atlas/signs.png-atlas
[17:15:33] [main/INFO] (Minecraft) Created: 1024x512x0 minecraft:textures/atlas/banner_patterns.png-atlas
[17:15:33] [main/INFO] (Minecraft) Created: 1024x512x0 minecraft:textures/atlas/shield_patterns.png-atlas
[17:15:33] [main/INFO] (Minecraft) Created: 256x256x0 minecraft:textures/atlas/chest.png-atlas
[17:15:33] [main/INFO] (Minecraft) Created: 512x256x0 minecraft:textures/atlas/beds.png-atlas
[17:15:33] [main/INFO] (Minecraft) Created: 512x256x0 minecraft:textures/atlas/shulker_boxes.png-atlas
[17:15:35] [main/INFO] (Minecraft) Created: 256x256x0 minecraft:textures/atlas/particles.png-atlas
[17:15:35] [main/INFO] (Minecraft) Created: 256x256x0 minecraft:textures/atlas/paintings.png-atlas
[17:15:35] [main/INFO] (Minecraft) Created: 256x128x0 minecraft:textures/atlas/mob_effects.png-atlas
[17:15:43] [main/WARN] (Minecraft) Ambiguity between arguments [teleport, destination] and [teleport, targets] with inputs: [Player, 0123, @e, dd12be42-52a9-4a91-a8a1-11c01849e498]
[17:15:43] [main/WARN] (Minecraft) Ambiguity between arguments [teleport, location] and [teleport, destination] with inputs: [0.1 -0.5 .9, 0 0 0]
[17:15:43] [main/WARN] (Minecraft) Ambiguity between arguments [teleport, location] and [teleport, targets] with inputs: [0.1 -0.5 .9, 0 0 0]
[17:15:43] [main/WARN] (Minecraft) Ambiguity between arguments [teleport, targets] and [teleport, destination] with inputs: [Player, 0123, dd12be42-52a9-4a91-a8a1-11c01849e498]
[17:15:43] [main/WARN] (Minecraft) Ambiguity between arguments [teleport, targets, location] and [teleport, targets, destination] with inputs: [0.1 -0.5 .9, 0 0 0]
[17:15:43] [main/INFO] (Minecraft) Reloading ResourceManager: Default, Fabric Tool Attribute API (v1), Herobrinia
[17:15:49] [main/INFO] (Minecraft) Loaded 7 recipes
[17:15:50] [main/INFO] (Minecraft) Loaded 927 advancements
[17:15:50] [main/INFO] (BiomeModificationImpl) Applied 0 biome modifications to 0 of 79 new biomes in 23.41 ms
[17:15:53] [main/INFO] (Minecraft) Environment: authHost='https://authserver.mojang.com', accountsHost='https://api.mojang.com', sessionHost='https://sessionserver.mojang.com', servicesHost='https://api.minecraftservices.com', name='PROD'
[17:15:53] [Server thread/INFO] (Minecraft) Starting integrated minecraft server version 1.16.4
[17:15:53] [Server thread/INFO] (Minecraft) Generating keypair
[17:15:55] [Server thread/INFO] (Minecraft) Preparing start region for dimension minecraft:overworld
[17:15:57] [main/INFO] (Minecraft) Preparing spawn area: 0%
[17:15:57] [main/INFO] (Minecraft) Preparing spawn area: 0%
[17:15:57] [main/INFO] (Minecraft) Preparing spawn area: 0%
[17:15:57] [main/INFO] (Minecraft) Preparing spawn area: 0%
[17:15:57] [main/INFO] (Minecraft) Preparing spawn area: 0%
[17:15:57] [main/INFO] (Minecraft) Preparing spawn area: 0%
[17:15:58] [main/INFO] (Minecraft) Preparing spawn area: 0%
[17:16:02] [main/INFO] (Minecraft) Preparing spawn area: 0%
[17:16:02] [main/INFO] (Minecraft) Preparing spawn area: 0%
[17:16:02] [main/INFO] (Minecraft) Preparing spawn area: 0%
[17:16:02] [main/INFO] (Minecraft) Preparing spawn area: 0%
[17:16:02] [main/INFO] (Minecraft) Preparing spawn area: 0%
[17:16:02] [main/INFO] (Minecraft) Preparing spawn area: 0%
[17:16:02] [main/INFO] (Minecraft) Preparing spawn area: 0%
[17:16:02] [main/INFO] (Minecraft) Preparing spawn area: 0%
[17:16:02] [main/INFO] (Minecraft) Preparing spawn area: 0%
[17:16:03] [main/INFO] (Minecraft) Preparing spawn area: 39%
[17:16:10] [main/INFO] (Minecraft) Preparing spawn area: 58%
[17:16:10] [main/INFO] (Minecraft) Preparing spawn area: 58%
[17:16:10] [main/INFO] (Minecraft) Preparing spawn area: 58%
[17:16:10] [main/INFO] (Minecraft) Preparing spawn area: 58%
[17:16:10] [main/INFO] (Minecraft) Preparing spawn area: 58%
[17:16:10] [main/INFO] (Minecraft) Preparing spawn area: 58%
[17:16:10] [main/INFO] (Minecraft) Preparing spawn area: 58%
[17:16:10] [main/INFO] (Minecraft) Preparing spawn area: 58%
[17:16:10] [main/INFO] (Minecraft) Preparing spawn area: 58%
[17:16:10] [main/INFO] (Minecraft) Preparing spawn area: 58%
[17:16:10] [main/INFO] (Minecraft) Preparing spawn area: 58%
[17:16:10] [main/INFO] (Minecraft) Preparing spawn area: 58%
[17:16:10] [main/INFO] (Minecraft) Preparing spawn area: 58%
[17:16:10] [main/INFO] (Minecraft) Preparing spawn area: 58%
[17:16:10] [main/INFO] (Minecraft) Preparing spawn area: 58%
[17:16:11] [main/INFO] (Minecraft) Preparing spawn area: 75%
[17:16:12] [main/INFO] (Minecraft) Preparing spawn area: 75%
[17:16:12] [main/INFO] (Minecraft) Preparing spawn area: 75%
[17:16:12] [main/INFO] (Minecraft) Preparing spawn area: 88%
[17:16:13] [main/INFO] (Minecraft) Preparing spawn area: 88%
[17:16:14] [main/INFO] (Minecraft) Preparing spawn area: 88%
[17:16:14] [main/INFO] (Minecraft) Preparing spawn area: 88%
[17:16:14] [main/INFO] (Minecraft) Preparing spawn area: 88%
[17:16:15] [main/INFO] (Minecraft) Preparing spawn area: 88%
[17:16:15] [main/INFO] (Minecraft) Preparing spawn area: 88%
[17:16:16] [main/INFO] (Minecraft) Preparing spawn area: 88%
[17:16:16] [main/INFO] (Minecraft) Preparing spawn area: 88%
[17:16:18] [main/INFO] (Minecraft) Preparing spawn area: 88%
[17:16:18] [main/INFO] (Minecraft) Preparing spawn area: 88%
[17:16:18] [main/INFO] (Minecraft) Preparing spawn area: 88%
[17:16:18] [main/INFO] (Minecraft) Preparing spawn area: 88%
[17:16:19] [main/INFO] (Minecraft) Preparing spawn area: 93%
[17:16:19] [main/INFO] (Minecraft) Preparing spawn area: 93%
[17:16:20] [main/INFO] (Minecraft) Preparing spawn area: 93%
[17:16:20] [main/INFO] (Minecraft) Preparing spawn area: 96%
[17:16:21] [main/INFO] (Minecraft) Preparing spawn area: 99%
[17:16:21] [main/INFO] (Minecraft) Time elapsed: 26680 ms
[17:16:22] [Server thread/INFO] (Minecraft) Changing view distance to 2, from 10
[17:16:25] [Server thread/INFO] (Minecraft) Player345[local:E:2d1769d6] logged in with entity id 1 at (155.96384132400365, 73.0, 234.54381087141667)
[17:16:26] [Server thread/INFO] (Minecraft) Player345 joined the game
[17:16:27] [Server thread/INFO] (Minecraft) Player345 has made the advancement [Stone Age]
[17:16:27] [Server thread/INFO] (Minecraft) Saving and pausing game...
[17:16:28] [Server thread/INFO] (Minecraft) Saving chunks for level 'ServerLevel[New World]'/minecraft:overworld
[17:16:28] [main/INFO] (Minecraft) [CHAT] Player345 has made the advancement [Stone Age]
[17:16:28] [main/INFO] (Minecraft) Loaded 116 advancements
[17:16:30] [Server thread/INFO] (Minecraft) Saving chunks for level 'ServerLevel[New World]'/minecraft:the_nether
[17:16:30] [Server thread/INFO] (Minecraft) Saving chunks for level 'ServerLevel[New World]'/minecraft:the_end
[17:16:30] [Server thread/WARN] (Minecraft) Can't keep up! Is the server overloaded? Running 4474ms or 89 ticks behind
[17:16:43] [Server thread/INFO] (Minecraft) [Player345: Set own game mode to Creative Mode]
[17:16:43] [main/INFO] (Minecraft) [CHAT] Set own game mode to Creative Mode
[17:17:05] [Server thread/INFO] (Minecraft) [Player345: Gave 1 [§cHerobrine Block] to Player345]
[17:17:05] [main/INFO] (Minecraft) [CHAT] Gave 1 [§cHerobrine Block] to Player345
[17:17:22] [Server thread/INFO] (Minecraft) Player345 has made the advancement [Take Aim]
[17:17:22] [main/INFO] (Minecraft) [CHAT] Player345 has made the advancement [Take Aim]
[17:17:22] [main/INFO] (Minecraft) Loaded 121 advancements
[17:18:55] [main/INFO] (Minecraft) Loaded 132 advancements
[17:19:19] [Server thread/INFO] (Minecraft) [Player345: Summoned new §cHerobrine]
[17:19:19] [main/INFO] (Minecraft) [CHAT] Summoned new §cHerobrine
[17:19:20] [Server thread/INFO] (Minecraft) Player345 has made the advancement [Best Friends Forever]
[17:19:20] [main/INFO] (Minecraft) [CHAT] Player345 has made the advancement [Best Friends Forever]
[17:19:20] [main/INFO] (Minecraft) Loaded 135 advancements
[17:19:22] [Server thread/INFO] (Minecraft) [Player345: Summoned new §cHerobrine]
[17:19:22] [main/INFO] (Minecraft) [CHAT] Summoned new §cHerobrine
[17:19:55] [main/INFO] (Minecraft) [CHAT] §cHerobrine was slain by Player345
[17:20:31] [main/INFO] (Minecraft) [CHAT] §cHerobrine was slain by Player345
[17:20:57] [main/INFO] (Minecraft) Loaded 141 advancements
[17:21:05] [Server thread/INFO] (Minecraft) Saving and pausing game...
[17:21:05] [Server thread/INFO] (Minecraft) Saving chunks for level 'ServerLevel[New World]'/minecraft:overworld
[17:21:05] [Server thread/INFO] (Minecraft) Saving chunks for level 'ServerLevel[New World]'/minecraft:the_nether
[17:21:05] [Server thread/INFO] (Minecraft) Saving chunks for level 'ServerLevel[New World]'/minecraft:the_end
[17:21:21] [main/INFO] (Minecraft) Stopping!
[17:21:21] [Server thread/INFO] (Minecraft) Player345 lost connection: Disconnected
[17:21:21] [Server thread/INFO] (Minecraft) Player345 left the game
[17:21:21] [Server thread/INFO] (Minecraft) Stopping singleplayer server as player logged out
[17:21:21] [Server thread/INFO] (Minecraft) Stopping server
[17:21:21] [Server thread/INFO] (Minecraft) Saving players
[17:21:21] [Server thread/INFO] (Minecraft) Saving worlds
[17:21:21] [Server thread/INFO] (Minecraft) Saving chunks for level 'ServerLevel[New World]'/minecraft:overworld
[17:21:22] [Server thread/INFO] (Minecraft) ThreadedAnvilChunkStorage (New World): All chunks are saved
[17:21:22] [Server thread/INFO] (Minecraft) Saving chunks for level 'ServerLevel[New World]'/minecraft:the_nether
[17:21:22] [Server thread/INFO] (Minecraft) ThreadedAnvilChunkStorage (DIM-1): All chunks are saved
[17:21:22] [Server thread/INFO] (Minecraft) Saving chunks for level 'ServerLevel[New World]'/minecraft:the_end
[17:21:22] [Server thread/INFO] (Minecraft) ThreadedAnvilChunkStorage (DIM1): All chunks are saved
[17:21:22] [Server thread/INFO] (Minecraft) ThreadedAnvilChunkStorage (New World): All chunks are saved
[17:21:22] [Server thread/INFO] (Minecraft) ThreadedAnvilChunkStorage (DIM-1): All chunks are saved
[17:21:22] [Server thread/INFO] (Minecraft) ThreadedAnvilChunkStorage (DIM1): All chunks are saved
